[debug] [2019-11-25T04:57:28.720Z] ----------------------------------------------------------------------
[debug] [2019-11-25T04:57:28.773Z] Command:       C:\Program Files\nodejs\node.exe C:\Users\ESWAR\AppData\Roaming\npm\node_modules\firebase-tools\lib\bin\firebase.js deploy --only functions
[debug] [2019-11-25T04:57:28.773Z] CLI Version:   7.8.1
[debug] [2019-11-25T04:57:28.773Z] Platform:      win32
[debug] [2019-11-25T04:57:28.774Z] Node Version:  v12.13.0
[debug] [2019-11-25T04:57:28.888Z] Time:          Mon Nov 25 2019 10:27:28 GMT+0530 (India Standard Time)
[debug] [2019-11-25T04:57:28.888Z] ----------------------------------------------------------------------
[debug] [2019-11-25T04:57:28.888Z] 
[debug] [2019-11-25T04:57:29.025Z] > command requires scopes: ["email","openid","https://www.googleapis.com/auth/cloudplatformprojects.readonly","https://www.googleapis.com/auth/firebase","https://www.googleapis.com/auth/cloud-platform"]
[debug] [2019-11-25T04:57:29.027Z] > authorizing via signed-in user
[debug] [2019-11-25T04:57:29.027Z] [iam] checking project flair-d7b59 for permissions ["cloudfunctions.functions.create","cloudfunctions.functions.delete","cloudfunctions.functions.get","cloudfunctions.functions.list","cloudfunctions.functions.update","cloudfunctions.operations.get","firebase.projects.get"]
[debug] [2019-11-25T04:57:29.030Z] > refreshing access token with scopes: ["email","https://www.googleapis.com/auth/cloud-platform","https://www.googleapis.com/auth/cloudplatformprojects.readonly","https://www.googleapis.com/auth/firebase","openid"]
[debug] [2019-11-25T04:57:29.030Z] >>> HTTP REQUEST POST https://www.googleapis.com/oauth2/v3/token  
 <request body omitted>
[debug] [2019-11-25T04:57:30.011Z] <<< HTTP RESPONSE 200
[debug] [2019-11-25T04:57:30.083Z] >>> HTTP REQUEST POST https://cloudresourcemanager.googleapis.com/v1/projects/flair-d7b59:testIamPermissions  

[debug] [2019-11-25T04:57:32.234Z] <<< HTTP RESPONSE 200
[info] 
[info] === Deploying to 'flair-d7b59'...
[info] 
[info] i  deploying functions
[info] Running command: npm --prefix "$RESOURCE_DIR" run lint
[info] +  functions: Finished running predeploy script.
[debug] [2019-11-25T04:59:09.934Z] > [functions] package.json contents: {
  "name": "functions",
  "description": "Cloud Functions for Firebase",
  "scripts": {
    "lint": "eslint .",
    "serve": "firebase serve --only functions",
    "shell": "firebase functions:shell",
    "start": "npm run shell",
    "deploy": "firebase deploy --only functions",
    "logs": "firebase functions:log"
  },
  "engines": {
    "node": "8"
  },
  "dependencies": {
    "express": "^4.17.1",
    "firebase-admin": "^8.6.0",
    "firebase-functions": "^3.3.0"
  },
  "devDependencies": {
    "eslint": "^5.12.0",
    "eslint-plugin-promise": "^4.0.1",
    "firebase-functions-test": "^0.1.6"
  },
  "private": true
}
[info] i  functions: ensuring necessary APIs are enabled...
[debug] [2019-11-25T04:59:09.935Z] >>> HTTP REQUEST GET https://serviceusage.googleapis.com/v1/projects/flair-d7b59/services/cloudfunctions.googleapis.com  
 
[debug] [2019-11-25T04:59:09.936Z] >>> HTTP REQUEST GET https://serviceusage.googleapis.com/v1/projects/flair-d7b59/services/runtimeconfig.googleapis.com  
 
[debug] [2019-11-25T04:59:12.729Z] <<< HTTP RESPONSE 200
[debug] [2019-11-25T04:59:12.881Z] <<< HTTP RESPONSE 200
[info] +  functions: all necessary APIs are enabled
[debug] [2019-11-25T04:59:12.886Z] >>> HTTP REQUEST GET https://firebase.googleapis.com/v1beta1/projects/flair-d7b59/adminSdkConfig  
 
[debug] [2019-11-25T04:59:13.997Z] <<< HTTP RESPONSE 200
[info] i  functions: preparing functions directory for uploading...
[debug] [2019-11-25T04:59:14.003Z] >>> HTTP REQUEST GET https://runtimeconfig.googleapis.com/v1beta1/projects/flair-d7b59/configs  
 
[debug] [2019-11-25T04:59:15.288Z] <<< HTTP RESPONSE 200
[info] i  functions: packaged functions (36.77 KB) for uploading
[debug] [2019-11-25T04:59:17.647Z] >>> HTTP REQUEST POST https://cloudfunctions.googleapis.com/v1/projects/flair-d7b59/locations/us-central1/functions:generateUploadUrl  
 
[debug] [2019-11-25T04:59:19.348Z] <<< HTTP RESPONSE 200
[debug] [2019-11-25T04:59:19.349Z] >>> HTTP REQUEST PUT https://storage.googleapis.com/gcf-upload-us-central1-b6ea8351-dba2-40e4-a0b5-ce1ef5009943/352e8c09-f25d-4f2a-88f2-305530686d8b.zip?GoogleAccessId=service-7718367591@gcf-admin-robot.iam.gserviceaccount.com&Expires=1574659758&Signature=UV8QcgRC3FxKVe2FDu%2FGIuc82QaBmkKyPLpuCLiAoDG8D4Yc8CP90WnmR0knTWdvfDhfG4Akbh3a0WppX6WISp%2FH7YPTfwfb8wO8jdYNOL7GUePe992OLnjcWHIDInSMg7kvKztkczzvcGOJfq8zotjY9MvandzahHomvNTxiibfBJiK7KEzAjtOmMoHOxj4P7ADqYEeU5xyr1KPWnBNejn%2BBrYBtdIWbzMuFPQoRjpbNT5Zhq8q2RFTRTg2MdJYHApdGTmCsnzuNatmK8aIoX%2BGjlLzxnKSbbgE3xoDSvVDLZzud97Ab0ub3fXbN1FP6ZrjZ6yDpJZ7zRUmYic7XA%3D%3D  
 <request body omitted>
[debug] [2019-11-25T04:59:31.045Z] <<< HTTP RESPONSE 200
[info] +  functions: functions folder uploaded successfully
[debug] [2019-11-25T04:59:31.053Z] >>> HTTP REQUEST GET https://cloudfunctions.googleapis.com/v1/projects/flair-d7b59/locations/-/functions  
 
[debug] [2019-11-25T04:59:32.888Z] <<< HTTP RESPONSE 200
[info] i  functions: creating Node.js 8 function addUserRole(us-central1)...
[debug] [2019-11-25T04:59:32.897Z] Trigger is:  {"httpsTrigger":{}}
[info] i  functions: updating Node.js 8 function addManagerRole(us-central1)...
[debug] [2019-11-25T04:59:32.901Z] Trigger is:  {"httpsTrigger":{}}
[info] i  functions: updating Node.js 8 function addAdminRole(us-central1)...
[debug] [2019-11-25T04:59:32.903Z] Trigger is:  {"httpsTrigger":{}}
[info] 
The following functions are found in your project but do not exist in your local source code:
	api(us-central1)
	personalInformation(us-central1)

If you are renaming a function or changing its region, it is recommended that you create the new function first before deleting the old one to prevent event loss. For more info, visit https://firebase.google.com/docs/functions/manage-functions#modify

